Build started 2/11/2012 4:20:30 PM.
     1>Project "C:\Users\Daman\Documents\1_U of U\ARL Stuff\Jur's Simulator\QuadSim\QuadrotorHoverController\QuadrotorHoverController\QuadrotorHoverController.vcxproj" on node 2 (build target(s)).
     1>InitializeBuildStatus:
         Creating "Debug\QuadrotorHoverController.unsuccessfulbuild" because "AlwaysCreate" was specified.
       ClCompile:
         All outputs are up-to-date.
       ManifestResourceCompile:
         All outputs are up-to-date.
       Link:
         c:\Program Files (x86)\Microsoft Visual Studio 10.0\VC\bin\link.exe /ERRORREPORT:PROMPT /OUT:"C:\Users\Daman\Documents\1_U of U\ARL Stuff\Jur's Simulator\QuadSim\QuadrotorHoverController\Debug\QuadrotorHoverController.exe" /INCREMENTAL /NOLOGO /LIBPATH:..\..\lib callisto.lib kernel32.lib user32.lib gdi32.lib winspool.lib comdlg32.lib advapi32.lib shell32.lib ole32.lib oleaut32.lib uuid.lib odbc32.lib odbccp32.lib /MANIFEST /ManifestFile:"Debug\QuadrotorHoverController.exe.intermediate.manifest" /MANIFESTUAC:"level='asInvoker' uiAccess='false'" /DEBUG /PDB:"C:\Users\Daman\Documents\1_U of U\ARL Stuff\Jur's Simulator\QuadSim\QuadrotorHoverController\Debug\QuadrotorHoverController.pdb" /SUBSYSTEM:CONSOLE /TLBID:1 /DYNAMICBASE /NXCOMPAT /IMPLIB:"C:\Users\Daman\Documents\1_U of U\ARL Stuff\Jur's Simulator\QuadSim\QuadrotorHoverController\Debug\QuadrotorHoverController.lib" /MACHINE:X86 Debug\QuadrotorHoverController.exe.embed.manifest.res
         Debug\gjk.obj
         Debug\LQRObstacles.obj
         Debug\stdafx.obj
       Manifest:
         C:\Program Files (x86)\Microsoft SDKs\Windows\v7.0A\bin\mt.exe /nologo /verbose /out:"Debug\QuadrotorHoverController.exe.embed.manifest" /manifest Debug\QuadrotorHoverController.exe.intermediate.manifest
         All outputs are up-to-date.
       LinkEmbedManifest:
         All outputs are up-to-date.
         QuadrotorHoverController.vcxproj -> C:\Users\Daman\Documents\1_U of U\ARL Stuff\Jur's Simulator\QuadSim\QuadrotorHoverController\Debug\QuadrotorHoverController.exe
       FinalizeBuildStatus:
         Deleting file "Debug\QuadrotorHoverController.unsuccessfulbuild".
         Touching "Debug\QuadrotorHoverController.lastbuildstate".
     1>Done Building Project "C:\Users\Daman\Documents\1_U of U\ARL Stuff\Jur's Simulator\QuadSim\QuadrotorHoverController\QuadrotorHoverController\QuadrotorHoverController.vcxproj" (build target(s)).

Build succeeded.

Time Elapsed 00:00:01.30
