Build started 3/3/2014 11:11:50 AM.
     1>Project "C:\Users\Daman\Documents\GitHub\LQR-Obstacles\QuadrotorHoverController\QuadrotorHoverController.vcxproj" on node 2 (build target(s)).
     1>InitializeBuildStatus:
         Creating "Debug\QuadrotorHoverController.unsuccessfulbuild" because "AlwaysCreate" was specified.
       ClCompile:
         c:\Program Files (x86)\Microsoft Visual Studio 10.0\VC\bin\CL.exe /c /I"C:\Users\Daman\Documents\GitHub\LQR-Obstacles\\include" /I..\..\include /ZI /nologo /W3 /WX- /Od /Oy- /D WIN32 /D _DEBUG /D _CONSOLE /D _UNICODE /D UNICODE /Gm /EHsc /RTC1 /MDd /GS /fp:precise /Zc:wchar_t /Zc:forScope /Fo"Debug\\" /Fd"Debug\vc100.pdb" /Gd /TP /analyze- /errorReport:prompt "LQRObstaclesPositionControl(Working).cpp"
         LQRObstaclesPositionControl(Working).cpp
     1>c:\users\daman\documents\github\lqr-obstacles\quadrotorhovercontroller\vector3.h(115): warning C4244: '=' : conversion from 'double' to 'float', possible loss of data
     1>c:\users\daman\documents\github\lqr-obstacles\quadrotorhovercontroller\vector3.h(116): warning C4244: '=' : conversion from 'double' to 'float', possible loss of data
     1>c:\users\daman\documents\github\lqr-obstacles\quadrotorhovercontroller\vector3.h(117): warning C4244: '=' : conversion from 'double' to 'float', possible loss of data
     1>c:\users\daman\documents\github\lqr-obstacles\quadrotorhovercontroller\lqrobstaclespositioncontrol(working).cpp(224): warning C4305: 'argument' : truncation from 'double' to 'float'
     1>c:\users\daman\documents\github\lqr-obstacles\quadrotorhovercontroller\lqrobstaclespositioncontrol(working).cpp(224): warning C4305: 'argument' : truncation from 'double' to 'float'
     1>c:\users\daman\documents\github\lqr-obstacles\quadrotorhovercontroller\lqrobstaclespositioncontrol(working).cpp(224): warning C4305: 'argument' : truncation from 'double' to 'float'
     1>c:\users\daman\documents\github\lqr-obstacles\quadrotorhovercontroller\lqrobstaclespositioncontrol(working).cpp(225): warning C4244: 'argument' : conversion from 'double' to 'CAL_scalar', possible loss of data
     1>c:\users\daman\documents\github\lqr-obstacles\quadrotorhovercontroller\lqrobstaclespositioncontrol(working).cpp(225): warning C4244: 'argument' : conversion from 'double' to 'CAL_scalar', possible loss of data
     1>c:\users\daman\documents\github\lqr-obstacles\quadrotorhovercontroller\lqrobstaclespositioncontrol(working).cpp(225): warning C4244: 'argument' : conversion from 'double' to 'CAL_scalar', possible loss of data
     1>c:\users\daman\documents\github\lqr-obstacles\quadrotorhovercontroller\lqrobstaclespositioncontrol(working).cpp(226): warning C4244: 'argument' : conversion from 'double' to 'CAL_scalar', possible loss of data
     1>c:\users\daman\documents\github\lqr-obstacles\quadrotorhovercontroller\lqrobstaclespositioncontrol(working).cpp(226): warning C4244: 'argument' : conversion from 'double' to 'CAL_scalar', possible loss of data
     1>c:\users\daman\documents\github\lqr-obstacles\quadrotorhovercontroller\lqrobstaclespositioncontrol(working).cpp(226): warning C4244: 'argument' : conversion from 'double' to 'CAL_scalar', possible loss of data
     1>c:\users\daman\documents\github\lqr-obstacles\quadrotorhovercontroller\lqrobstaclespositioncontrol(working).cpp(227): warning C4244: 'argument' : conversion from 'double' to 'CAL_scalar', possible loss of data
     1>c:\users\daman\documents\github\lqr-obstacles\quadrotorhovercontroller\lqrobstaclespositioncontrol(working).cpp(227): warning C4244: 'argument' : conversion from 'double' to 'CAL_scalar', possible loss of data
     1>c:\users\daman\documents\github\lqr-obstacles\quadrotorhovercontroller\lqrobstaclespositioncontrol(working).cpp(227): warning C4244: 'argument' : conversion from 'double' to 'CAL_scalar', possible loss of data
     1>c:\users\daman\documents\github\lqr-obstacles\quadrotorhovercontroller\lqrobstaclespositioncontrol(working).cpp(227): warning C4244: 'argument' : conversion from 'double' to 'CAL_scalar', possible loss of data
     1>c:\users\daman\documents\github\lqr-obstacles\quadrotorhovercontroller\lqrobstaclespositioncontrol(working).cpp(229): warning C4244: 'argument' : conversion from 'double' to 'CAL_scalar', possible loss of data
     1>c:\users\daman\documents\github\lqr-obstacles\quadrotorhovercontroller\lqrobstaclespositioncontrol(working).cpp(229): warning C4244: 'argument' : conversion from 'double' to 'CAL_scalar', possible loss of data
     1>c:\users\daman\documents\github\lqr-obstacles\quadrotorhovercontroller\lqrobstaclespositioncontrol(working).cpp(229): warning C4244: 'argument' : conversion from 'double' to 'CAL_scalar', possible loss of data
     1>c:\users\daman\documents\github\lqr-obstacles\quadrotorhovercontroller\lqrobstaclespositioncontrol(working).cpp(229): warning C4244: 'argument' : conversion from 'double' to 'CAL_scalar', possible loss of data
     1>c:\users\daman\documents\github\lqr-obstacles\quadrotorhovercontroller\lqrobstaclespositioncontrol(working).cpp(231): warning C4244: 'argument' : conversion from 'double' to 'CAL_scalar', possible loss of data
     1>c:\users\daman\documents\github\lqr-obstacles\quadrotorhovercontroller\lqrobstaclespositioncontrol(working).cpp(231): warning C4244: 'argument' : conversion from 'double' to 'CAL_scalar', possible loss of data
     1>c:\users\daman\documents\github\lqr-obstacles\quadrotorhovercontroller\lqrobstaclespositioncontrol(working).cpp(231): warning C4244: 'argument' : conversion from 'double' to 'CAL_scalar', possible loss of data
     1>c:\users\daman\documents\github\lqr-obstacles\quadrotorhovercontroller\lqrobstaclespositioncontrol(working).cpp(231): warning C4244: 'argument' : conversion from 'double' to 'CAL_scalar', possible loss of data
     1>c:\users\daman\documents\github\lqr-obstacles\quadrotorhovercontroller\lqrobstaclespositioncontrol(working).cpp(233): warning C4244: 'argument' : conversion from 'double' to 'CAL_scalar', possible loss of data
     1>c:\users\daman\documents\github\lqr-obstacles\quadrotorhovercontroller\lqrobstaclespositioncontrol(working).cpp(233): warning C4244: 'argument' : conversion from 'double' to 'CAL_scalar', possible loss of data
     1>c:\users\daman\documents\github\lqr-obstacles\quadrotorhovercontroller\lqrobstaclespositioncontrol(working).cpp(233): warning C4244: 'argument' : conversion from 'double' to 'CAL_scalar', possible loss of data
     1>c:\users\daman\documents\github\lqr-obstacles\quadrotorhovercontroller\lqrobstaclespositioncontrol(working).cpp(233): warning C4244: 'argument' : conversion from 'double' to 'CAL_scalar', possible loss of data
     1>c:\users\daman\documents\github\lqr-obstacles\quadrotorhovercontroller\lqrobstaclespositioncontrol(working).cpp(235): warning C4244: 'argument' : conversion from 'double' to 'CAL_scalar', possible loss of data
     1>c:\users\daman\documents\github\lqr-obstacles\quadrotorhovercontroller\lqrobstaclespositioncontrol(working).cpp(235): warning C4244: 'argument' : conversion from 'double' to 'CAL_scalar', possible loss of data
     1>c:\users\daman\documents\github\lqr-obstacles\quadrotorhovercontroller\lqrobstaclespositioncontrol(working).cpp(235): warning C4244: 'argument' : conversion from 'double' to 'CAL_scalar', possible loss of data
     1>c:\users\daman\documents\github\lqr-obstacles\quadrotorhovercontroller\lqrobstaclespositioncontrol(working).cpp(237): warning C4244: 'argument' : conversion from 'double' to 'CAL_scalar', possible loss of data
     1>c:\users\daman\documents\github\lqr-obstacles\quadrotorhovercontroller\lqrobstaclespositioncontrol(working).cpp(237): warning C4244: 'argument' : conversion from 'double' to 'CAL_scalar', possible loss of data
     1>c:\users\daman\documents\github\lqr-obstacles\quadrotorhovercontroller\lqrobstaclespositioncontrol(working).cpp(237): warning C4244: 'argument' : conversion from 'double' to 'CAL_scalar', possible loss of data
     1>c:\users\daman\documents\github\lqr-obstacles\quadrotorhovercontroller\lqrobstaclespositioncontrol(working).cpp(239): warning C4244: 'argument' : conversion from 'double' to 'CAL_scalar', possible loss of data
     1>c:\users\daman\documents\github\lqr-obstacles\quadrotorhovercontroller\lqrobstaclespositioncontrol(working).cpp(239): warning C4244: 'argument' : conversion from 'double' to 'CAL_scalar', possible loss of data
     1>c:\users\daman\documents\github\lqr-obstacles\quadrotorhovercontroller\lqrobstaclespositioncontrol(working).cpp(239): warning C4244: 'argument' : conversion from 'double' to 'CAL_scalar', possible loss of data
     1>c:\users\daman\documents\github\lqr-obstacles\quadrotorhovercontroller\lqrobstaclespositioncontrol(working).cpp(241): warning C4244: 'argument' : conversion from 'double' to 'CAL_scalar', possible loss of data
     1>c:\users\daman\documents\github\lqr-obstacles\quadrotorhovercontroller\lqrobstaclespositioncontrol(working).cpp(241): warning C4244: 'argument' : conversion from 'double' to 'CAL_scalar', possible loss of data
     1>c:\users\daman\documents\github\lqr-obstacles\quadrotorhovercontroller\lqrobstaclespositioncontrol(working).cpp(241): warning C4244: 'argument' : conversion from 'double' to 'CAL_scalar', possible loss of data
     1>c:\users\daman\documents\github\lqr-obstacles\quadrotorhovercontroller\lqrobstaclespositioncontrol(working).cpp(243): warning C4244: 'argument' : conversion from 'double' to 'CAL_scalar', possible loss of data
     1>c:\users\daman\documents\github\lqr-obstacles\quadrotorhovercontroller\lqrobstaclespositioncontrol(working).cpp(243): warning C4244: 'argument' : conversion from 'double' to 'CAL_scalar', possible loss of data
     1>c:\users\daman\documents\github\lqr-obstacles\quadrotorhovercontroller\lqrobstaclespositioncontrol(working).cpp(243): warning C4244: 'argument' : conversion from 'double' to 'CAL_scalar', possible loss of data
     1>c:\users\daman\documents\github\lqr-obstacles\quadrotorhovercontroller\lqrobstaclespositioncontrol(working).cpp(243): warning C4244: 'argument' : conversion from 'double' to 'CAL_scalar', possible loss of data
     1>c:\users\daman\documents\github\lqr-obstacles\quadrotorhovercontroller\lqrobstaclespositioncontrol(working).cpp(245): warning C4305: 'argument' : truncation from 'double' to 'float'
     1>c:\users\daman\documents\github\lqr-obstacles\quadrotorhovercontroller\lqrobstaclespositioncontrol(working).cpp(246): warning C4244: 'argument' : conversion from 'double' to 'CAL_scalar', possible loss of data
     1>c:\users\daman\documents\github\lqr-obstacles\quadrotorhovercontroller\lqrobstaclespositioncontrol(working).cpp(246): warning C4244: 'argument' : conversion from 'double' to 'CAL_scalar', possible loss of data
     1>c:\users\daman\documents\github\lqr-obstacles\quadrotorhovercontroller\lqrobstaclespositioncontrol(working).cpp(246): warning C4244: 'argument' : conversion from 'double' to 'CAL_scalar', possible loss of data
     1>c:\users\daman\documents\github\lqr-obstacles\quadrotorhovercontroller\lqrobstaclespositioncontrol(working).cpp(246): warning C4244: 'argument' : conversion from 'double' to 'CAL_scalar', possible loss of data
     1>c:\users\daman\documents\github\lqr-obstacles\quadrotorhovercontroller\lqrobstaclespositioncontrol(working).cpp(248): warning C4305: 'argument' : truncation from 'double' to 'float'
     1>c:\users\daman\documents\github\lqr-obstacles\quadrotorhovercontroller\lqrobstaclespositioncontrol(working).cpp(249): warning C4244: 'argument' : conversion from 'double' to 'CAL_scalar', possible loss of data
     1>c:\users\daman\documents\github\lqr-obstacles\quadrotorhovercontroller\lqrobstaclespositioncontrol(working).cpp(249): warning C4244: 'argument' : conversion from 'double' to 'CAL_scalar', possible loss of data
     1>c:\users\daman\documents\github\lqr-obstacles\quadrotorhovercontroller\lqrobstaclespositioncontrol(working).cpp(249): warning C4244: 'argument' : conversion from 'double' to 'CAL_scalar', possible loss of data
     1>c:\users\daman\documents\github\lqr-obstacles\quadrotorhovercontroller\lqrobstaclespositioncontrol(working).cpp(249): warning C4244: 'argument' : conversion from 'double' to 'CAL_scalar', possible loss of data
     1>c:\users\daman\documents\github\lqr-obstacles\quadrotorhovercontroller\lqrobstaclespositioncontrol(working).cpp(251): warning C4305: 'argument' : truncation from 'double' to 'float'
     1>c:\users\daman\documents\github\lqr-obstacles\quadrotorhovercontroller\lqrobstaclespositioncontrol(working).cpp(252): warning C4244: 'argument' : conversion from 'double' to 'CAL_scalar', possible loss of data
     1>c:\users\daman\documents\github\lqr-obstacles\quadrotorhovercontroller\lqrobstaclespositioncontrol(working).cpp(252): warning C4244: 'argument' : conversion from 'double' to 'CAL_scalar', possible loss of data
     1>c:\users\daman\documents\github\lqr-obstacles\quadrotorhovercontroller\lqrobstaclespositioncontrol(working).cpp(252): warning C4244: 'argument' : conversion from 'double' to 'CAL_scalar', possible loss of data
     1>c:\users\daman\documents\github\lqr-obstacles\quadrotorhovercontroller\lqrobstaclespositioncontrol(working).cpp(252): warning C4244: 'argument' : conversion from 'double' to 'CAL_scalar', possible loss of data
     1>c:\users\daman\documents\github\lqr-obstacles\quadrotorhovercontroller\lqrobstaclespositioncontrol(working).cpp(254): warning C4305: 'argument' : truncation from 'double' to 'float'
     1>c:\users\daman\documents\github\lqr-obstacles\quadrotorhovercontroller\lqrobstaclespositioncontrol(working).cpp(255): warning C4244: 'argument' : conversion from 'double' to 'CAL_scalar', possible loss of data
     1>c:\users\daman\documents\github\lqr-obstacles\quadrotorhovercontroller\lqrobstaclespositioncontrol(working).cpp(255): warning C4244: 'argument' : conversion from 'double' to 'CAL_scalar', possible loss of data
     1>c:\users\daman\documents\github\lqr-obstacles\quadrotorhovercontroller\lqrobstaclespositioncontrol(working).cpp(255): warning C4244: 'argument' : conversion from 'double' to 'CAL_scalar', possible loss of data
     1>c:\users\daman\documents\github\lqr-obstacles\quadrotorhovercontroller\lqrobstaclespositioncontrol(working).cpp(257): warning C4244: 'argument' : conversion from 'double' to 'CAL_scalar', possible loss of data
     1>c:\users\daman\documents\github\lqr-obstacles\quadrotorhovercontroller\lqrobstaclespositioncontrol(working).cpp(257): warning C4244: 'argument' : conversion from 'double' to 'CAL_scalar', possible loss of data
     1>c:\users\daman\documents\github\lqr-obstacles\quadrotorhovercontroller\lqrobstaclespositioncontrol(working).cpp(257): warning C4244: 'argument' : conversion from 'double' to 'CAL_scalar', possible loss of data
     1>c:\users\daman\documents\github\lqr-obstacles\quadrotorhovercontroller\lqrobstaclespositioncontrol(working).cpp(257): warning C4244: 'argument' : conversion from 'double' to 'CAL_scalar', possible loss of data
     1>c:\users\daman\documents\github\lqr-obstacles\quadrotorhovercontroller\lqrobstaclespositioncontrol(working).cpp(258): warning C4305: 'argument' : truncation from 'double' to 'float'
     1>c:\users\daman\documents\github\lqr-obstacles\quadrotorhovercontroller\lqrobstaclespositioncontrol(working).cpp(260): warning C4244: 'initializing' : conversion from 'double' to 'float', possible loss of data
     1>c:\users\daman\documents\github\lqr-obstacles\quadrotorhovercontroller\lqrobstaclespositioncontrol(working).cpp(260): warning C4244: 'initializing' : conversion from 'double' to 'float', possible loss of data
     1>c:\users\daman\documents\github\lqr-obstacles\quadrotorhovercontroller\lqrobstaclespositioncontrol(working).cpp(261): warning C4244: 'initializing' : conversion from 'double' to 'float', possible loss of data
     1>c:\users\daman\documents\github\lqr-obstacles\quadrotorhovercontroller\lqrobstaclespositioncontrol(working).cpp(261): warning C4244: 'initializing' : conversion from 'double' to 'float', possible loss of data
     1>c:\users\daman\documents\github\lqr-obstacles\quadrotorhovercontroller\lqrobstaclespositioncontrol(working).cpp(262): warning C4244: 'initializing' : conversion from 'double' to 'float', possible loss of data
     1>c:\users\daman\documents\github\lqr-obstacles\quadrotorhovercontroller\lqrobstaclespositioncontrol(working).cpp(262): warning C4244: 'initializing' : conversion from 'double' to 'float', possible loss of data
     1>c:\users\daman\documents\github\lqr-obstacles\quadrotorhovercontroller\lqrobstaclespositioncontrol(working).cpp(263): warning C4244: 'initializing' : conversion from 'double' to 'float', possible loss of data
     1>c:\users\daman\documents\github\lqr-obstacles\quadrotorhovercontroller\lqrobstaclespositioncontrol(working).cpp(263): warning C4244: 'initializing' : conversion from 'double' to 'float', possible loss of data
     1>c:\users\daman\documents\github\lqr-obstacles\quadrotorhovercontroller\lqrobstaclespositioncontrol(working).cpp(264): warning C4244: 'initializing' : conversion from 'double' to 'float', possible loss of data
     1>c:\users\daman\documents\github\lqr-obstacles\quadrotorhovercontroller\lqrobstaclespositioncontrol(working).cpp(264): warning C4244: 'initializing' : conversion from 'double' to 'float', possible loss of data
     1>c:\users\daman\documents\github\lqr-obstacles\quadrotorhovercontroller\lqrobstaclespositioncontrol(working).cpp(265): warning C4244: 'initializing' : conversion from 'double' to 'float', possible loss of data
     1>c:\users\daman\documents\github\lqr-obstacles\quadrotorhovercontroller\lqrobstaclespositioncontrol(working).cpp(265): warning C4244: 'initializing' : conversion from 'double' to 'float', possible loss of data
     1>c:\users\daman\documents\github\lqr-obstacles\quadrotorhovercontroller\lqrobstaclespositioncontrol(working).cpp(268): warning C4305: 'argument' : truncation from 'double' to 'float'
     1>c:\users\daman\documents\github\lqr-obstacles\quadrotorhovercontroller\lqrobstaclespositioncontrol(working).cpp(270): warning C4244: 'initializing' : conversion from 'double' to 'float', possible loss of data
     1>c:\users\daman\documents\github\lqr-obstacles\quadrotorhovercontroller\lqrobstaclespositioncontrol(working).cpp(271): warning C4244: 'initializing' : conversion from 'double' to 'float', possible loss of data
     1>c:\users\daman\documents\github\lqr-obstacles\quadrotorhovercontroller\lqrobstaclespositioncontrol(working).cpp(271): warning C4244: 'initializing' : conversion from 'double' to 'float', possible loss of data
     1>c:\users\daman\documents\github\lqr-obstacles\quadrotorhovercontroller\lqrobstaclespositioncontrol(working).cpp(272): warning C4244: 'initializing' : conversion from 'double' to 'float', possible loss of data
     1>c:\users\daman\documents\github\lqr-obstacles\quadrotorhovercontroller\lqrobstaclespositioncontrol(working).cpp(272): warning C4244: 'initializing' : conversion from 'double' to 'float', possible loss of data
     1>c:\users\daman\documents\github\lqr-obstacles\quadrotorhovercontroller\lqrobstaclespositioncontrol(working).cpp(273): warning C4244: 'initializing' : conversion from 'double' to 'float', possible loss of data
     1>c:\users\daman\documents\github\lqr-obstacles\quadrotorhovercontroller\lqrobstaclespositioncontrol(working).cpp(274): warning C4244: 'initializing' : conversion from 'double' to 'float', possible loss of data
     1>c:\users\daman\documents\github\lqr-obstacles\quadrotorhovercontroller\lqrobstaclespositioncontrol(working).cpp(274): warning C4244: 'initializing' : conversion from 'double' to 'float', possible loss of data
     1>c:\users\daman\documents\github\lqr-obstacles\quadrotorhovercontroller\lqrobstaclespositioncontrol(working).cpp(275): warning C4244: 'initializing' : conversion from 'double' to 'float', possible loss of data
     1>c:\users\daman\documents\github\lqr-obstacles\quadrotorhovercontroller\lqrobstaclespositioncontrol(working).cpp(275): warning C4244: 'initializing' : conversion from 'double' to 'float', possible loss of data
     1>c:\users\daman\documents\github\lqr-obstacles\quadrotorhovercontroller\lqrobstaclespositioncontrol(working).cpp(277): warning C4305: 'argument' : truncation from 'double' to 'float'
     1>c:\users\daman\documents\github\lqr-obstacles\quadrotorhovercontroller\lqrobstaclespositioncontrol(working).cpp(277): warning C4305: 'argument' : truncation from 'double' to 'float'
     1>c:\users\daman\documents\github\lqr-obstacles\quadrotorhovercontroller\lqrobstaclespositioncontrol(working).cpp(277): warning C4305: 'argument' : truncation from 'double' to 'float'
     1>c:\users\daman\documents\github\lqr-obstacles\quadrotorhovercontroller\lqrobstaclespositioncontrol(working).cpp(278): warning C4244: 'initializing' : conversion from 'double' to 'float', possible loss of data
     1>c:\users\daman\documents\github\lqr-obstacles\quadrotorhovercontroller\lqrobstaclespositioncontrol(working).cpp(279): warning C4244: 'initializing' : conversion from 'double' to 'float', possible loss of data
     1>c:\users\daman\documents\github\lqr-obstacles\quadrotorhovercontroller\lqrobstaclespositioncontrol(working).cpp(279): warning C4244: 'initializing' : conversion from 'double' to 'float', possible loss of data
     1>c:\users\daman\documents\github\lqr-obstacles\quadrotorhovercontroller\lqrobstaclespositioncontrol(working).cpp(280): warning C4244: 'initializing' : conversion from 'double' to 'float', possible loss of data
     1>c:\users\daman\documents\github\lqr-obstacles\quadrotorhovercontroller\lqrobstaclespositioncontrol(working).cpp(280): warning C4244: 'initializing' : conversion from 'double' to 'float', possible loss of data
     1>c:\users\daman\documents\github\lqr-obstacles\quadrotorhovercontroller\lqrobstaclespositioncontrol(working).cpp(281): warning C4244: 'initializing' : conversion from 'double' to 'float', possible loss of data
     1>c:\users\daman\documents\github\lqr-obstacles\quadrotorhovercontroller\lqrobstaclespositioncontrol(working).cpp(282): warning C4244: 'initializing' : conversion from 'double' to 'float', possible loss of data
     1>c:\users\daman\documents\github\lqr-obstacles\quadrotorhovercontroller\lqrobstaclespositioncontrol(working).cpp(282): warning C4244: 'initializing' : conversion from 'double' to 'float', possible loss of data
     1>c:\users\daman\documents\github\lqr-obstacles\quadrotorhovercontroller\lqrobstaclespositioncontrol(working).cpp(283): warning C4244: 'initializing' : conversion from 'double' to 'float', possible loss of data
     1>c:\users\daman\documents\github\lqr-obstacles\quadrotorhovercontroller\lqrobstaclespositioncontrol(working).cpp(283): warning C4244: 'initializing' : conversion from 'double' to 'float', possible loss of data
     1>c:\users\daman\documents\github\lqr-obstacles\quadrotorhovercontroller\lqrobstaclespositioncontrol(working).cpp(285): warning C4305: 'argument' : truncation from 'double' to 'float'
     1>c:\users\daman\documents\github\lqr-obstacles\quadrotorhovercontroller\lqrobstaclespositioncontrol(working).cpp(285): warning C4305: 'argument' : truncation from 'double' to 'float'
     1>c:\users\daman\documents\github\lqr-obstacles\quadrotorhovercontroller\lqrobstaclespositioncontrol(working).cpp(285): warning C4305: 'argument' : truncation from 'double' to 'float'
     1>c:\users\daman\documents\github\lqr-obstacles\quadrotorhovercontroller\lqrobstaclespositioncontrol(working).cpp(286): warning C4244: 'initializing' : conversion from 'double' to 'float', possible loss of data
     1>c:\users\daman\documents\github\lqr-obstacles\quadrotorhovercontroller\lqrobstaclespositioncontrol(working).cpp(287): warning C4244: 'initializing' : conversion from 'double' to 'float', possible loss of data
     1>c:\users\daman\documents\github\lqr-obstacles\quadrotorhovercontroller\lqrobstaclespositioncontrol(working).cpp(287): warning C4244: 'initializing' : conversion from 'double' to 'float', possible loss of data
     1>c:\users\daman\documents\github\lqr-obstacles\quadrotorhovercontroller\lqrobstaclespositioncontrol(working).cpp(288): warning C4244: 'initializing' : conversion from 'double' to 'float', possible loss of data
     1>c:\users\daman\documents\github\lqr-obstacles\quadrotorhovercontroller\lqrobstaclespositioncontrol(working).cpp(288): warning C4244: 'initializing' : conversion from 'double' to 'float', possible loss of data
     1>c:\users\daman\documents\github\lqr-obstacles\quadrotorhovercontroller\lqrobstaclespositioncontrol(working).cpp(289): warning C4244: 'initializing' : conversion from 'double' to 'float', possible loss of data
     1>c:\users\daman\documents\github\lqr-obstacles\quadrotorhovercontroller\lqrobstaclespositioncontrol(working).cpp(290): warning C4244: 'initializing' : conversion from 'double' to 'float', possible loss of data
     1>c:\users\daman\documents\github\lqr-obstacles\quadrotorhovercontroller\lqrobstaclespositioncontrol(working).cpp(290): warning C4244: 'initializing' : conversion from 'double' to 'float', possible loss of data
     1>c:\users\daman\documents\github\lqr-obstacles\quadrotorhovercontroller\lqrobstaclespositioncontrol(working).cpp(291): warning C4244: 'initializing' : conversion from 'double' to 'float', possible loss of data
     1>c:\users\daman\documents\github\lqr-obstacles\quadrotorhovercontroller\lqrobstaclespositioncontrol(working).cpp(291): warning C4244: 'initializing' : conversion from 'double' to 'float', possible loss of data
     1>c:\users\daman\documents\github\lqr-obstacles\quadrotorhovercontroller\lqrobstaclespositioncontrol(working).cpp(293): warning C4305: 'argument' : truncation from 'double' to 'float'
     1>c:\users\daman\documents\github\lqr-obstacles\quadrotorhovercontroller\lqrobstaclespositioncontrol(working).cpp(293): warning C4305: 'argument' : truncation from 'double' to 'float'
     1>c:\users\daman\documents\github\lqr-obstacles\quadrotorhovercontroller\lqrobstaclespositioncontrol(working).cpp(293): warning C4305: 'argument' : truncation from 'double' to 'float'
     1>c:\users\daman\documents\github\lqr-obstacles\quadrotorhovercontroller\lqrobstaclespositioncontrol(working).cpp(294): warning C4244: 'initializing' : conversion from 'double' to 'float', possible loss of data
     1>c:\users\daman\documents\github\lqr-obstacles\quadrotorhovercontroller\lqrobstaclespositioncontrol(working).cpp(295): warning C4244: 'initializing' : conversion from 'double' to 'float', possible loss of data
     1>c:\users\daman\documents\github\lqr-obstacles\quadrotorhovercontroller\lqrobstaclespositioncontrol(working).cpp(295): warning C4244: 'initializing' : conversion from 'double' to 'float', possible loss of data
     1>c:\users\daman\documents\github\lqr-obstacles\quadrotorhovercontroller\lqrobstaclespositioncontrol(working).cpp(296): warning C4244: 'initializing' : conversion from 'double' to 'float', possible loss of data
     1>c:\users\daman\documents\github\lqr-obstacles\quadrotorhovercontroller\lqrobstaclespositioncontrol(working).cpp(296): warning C4244: 'initializing' : conversion from 'double' to 'float', possible loss of data
     1>c:\users\daman\documents\github\lqr-obstacles\quadrotorhovercontroller\lqrobstaclespositioncontrol(working).cpp(297): warning C4244: 'initializing' : conversion from 'double' to 'float', possible loss of data
     1>c:\users\daman\documents\github\lqr-obstacles\quadrotorhovercontroller\lqrobstaclespositioncontrol(working).cpp(298): warning C4244: 'initializing' : conversion from 'double' to 'float', possible loss of data
     1>c:\users\daman\documents\github\lqr-obstacles\quadrotorhovercontroller\lqrobstaclespositioncontrol(working).cpp(298): warning C4244: 'initializing' : conversion from 'double' to 'float', possible loss of data
     1>c:\users\daman\documents\github\lqr-obstacles\quadrotorhovercontroller\lqrobstaclespositioncontrol(working).cpp(299): warning C4244: 'initializing' : conversion from 'double' to 'float', possible loss of data
     1>c:\users\daman\documents\github\lqr-obstacles\quadrotorhovercontroller\lqrobstaclespositioncontrol(working).cpp(299): warning C4244: 'initializing' : conversion from 'double' to 'float', possible loss of data
     1>c:\users\daman\documents\github\lqr-obstacles\quadrotorhovercontroller\lqrobstaclespositioncontrol(working).cpp(301): warning C4305: 'argument' : truncation from 'double' to 'float'
     1>c:\users\daman\documents\github\lqr-obstacles\quadrotorhovercontroller\lqrobstaclespositioncontrol(working).cpp(301): warning C4305: 'argument' : truncation from 'double' to 'float'
     1>c:\users\daman\documents\github\lqr-obstacles\quadrotorhovercontroller\lqrobstaclespositioncontrol(working).cpp(301): warning C4305: 'argument' : truncation from 'double' to 'float'
     1>c:\users\daman\documents\github\lqr-obstacles\quadrotorhovercontroller\lqrobstaclespositioncontrol(working).cpp(313): warning C4305: 'argument' : truncation from 'double' to 'CAL_scalar'
     1>c:\users\daman\documents\github\lqr-obstacles\quadrotorhovercontroller\lqrobstaclespositioncontrol(working).cpp(313): warning C4305: 'argument' : truncation from 'double' to 'CAL_scalar'
     1>c:\users\daman\documents\github\lqr-obstacles\quadrotorhovercontroller\lqrobstaclespositioncontrol(working).cpp(702): warning C4018: '<' : signed/unsigned mismatch
     1>c:\users\daman\documents\github\lqr-obstacles\quadrotorhovercontroller\lqrobstaclespositioncontrol(working).cpp(730): warning C4018: '<' : signed/unsigned mismatch
     1>c:\users\daman\documents\github\lqr-obstacles\quadrotorhovercontroller\lqrobstaclespositioncontrol(working).cpp(766): warning C4018: '<' : signed/unsigned mismatch
     1>c:\users\daman\documents\github\lqr-obstacles\quadrotorhovercontroller\lqrobstaclespositioncontrol(working).cpp(789): warning C4101: 'index' : unreferenced local variable
     1>c:\users\daman\documents\github\lqr-obstacles\quadrotorhovercontroller\lqrobstaclespositioncontrol(working).cpp(829): warning C4018: '<' : signed/unsigned mismatch
     1>c:\users\daman\documents\github\lqr-obstacles\quadrotorhovercontroller\lqrobstaclespositioncontrol(working).cpp(1011): warning C4244: 'argument' : conversion from 'double' to 'float', possible loss of data
     1>c:\users\daman\documents\github\lqr-obstacles\quadrotorhovercontroller\lqrobstaclespositioncontrol(working).cpp(1012): warning C4244: 'argument' : conversion from 'double' to 'float', possible loss of data
     1>c:\users\daman\documents\github\lqr-obstacles\quadrotorhovercontroller\lqrobstaclespositioncontrol(working).cpp(1014): warning C4244: 'argument' : conversion from 'double' to 'float', possible loss of data
     1>c:\users\daman\documents\github\lqr-obstacles\quadrotorhovercontroller\lqrobstaclespositioncontrol(working).cpp(1025): warning C4244: 'argument' : conversion from 'double' to 'float', possible loss of data
     1>c:\users\daman\documents\github\lqr-obstacles\quadrotorhovercontroller\lqrobstaclespositioncontrol(working).cpp(1108): warning C4244: 'argument' : conversion from 'double' to 'float', possible loss of data
     1>c:\users\daman\documents\github\lqr-obstacles\quadrotorhovercontroller\lqrobstaclespositioncontrol(working).cpp(1362): warning C4101: 'halfPlaneVector' : unreferenced local variable
     1>c:\users\daman\documents\github\lqr-obstacles\quadrotorhovercontroller\lqrobstaclespositioncontrol(working).cpp(1361): warning C4101: 'numVertices' : unreferenced local variable
       Link:
         c:\Program Files (x86)\Microsoft Visual Studio 10.0\VC\bin\link.exe /ERRORREPORT:PROMPT /OUT:"C:\Users\Daman\Documents\GitHub\LQR-Obstacles\Debug\QuadrotorHoverController.exe" /INCREMENTAL:NO /NOLOGO /LIBPATH:..\..\lib /LIBPATH:"C:\Users\Daman\Documents\GitHub\LQR-Obstacles\\lib" callisto.lib kernel32.lib user32.lib gdi32.lib winspool.lib comdlg32.lib advapi32.lib shell32.lib ole32.lib oleaut32.lib uuid.lib odbc32.lib odbccp32.lib /MANIFEST /ManifestFile:"Debug\QuadrotorHoverController.exe.intermediate.manifest" /MANIFESTUAC:"level='asInvoker' uiAccess='false'" /DEBUG /PDB:"C:\Users\Daman\Documents\GitHub\LQR-Obstacles\Debug\QuadrotorHoverController.pdb" /SUBSYSTEM:CONSOLE /TLBID:1 /DYNAMICBASE /NXCOMPAT /IMPLIB:"C:\Users\Daman\Documents\GitHub\LQR-Obstacles\Debug\QuadrotorHoverController.lib" /MACHINE:X86 Debug\gjk.obj
         "Debug\LQRObstaclesPositionControl(Working).obj"
         Debug\stdafx.obj
     1>gjk.obj : warning LNK4075: ignoring '/EDITANDCONTINUE' due to '/INCREMENTAL:NO' specification
         QuadrotorHoverController.vcxproj -> C:\Users\Daman\Documents\GitHub\LQR-Obstacles\Debug\QuadrotorHoverController.exe
       Manifest:
         C:\Program Files (x86)\Microsoft SDKs\Windows\v7.0A\bin\mt.exe /nologo /verbose /outputresource:"C:\Users\Daman\Documents\GitHub\LQR-Obstacles\Debug\QuadrotorHoverController.exe;#1" /manifest Debug\QuadrotorHoverController.exe.intermediate.manifest
       FinalizeBuildStatus:
         Deleting file "Debug\QuadrotorHoverController.unsuccessfulbuild".
         Touching "Debug\QuadrotorHoverController.lastbuildstate".
     1>Done Building Project "C:\Users\Daman\Documents\GitHub\LQR-Obstacles\QuadrotorHoverController\QuadrotorHoverController.vcxproj" (build target(s)).

Build succeeded.

Time Elapsed 00:00:01.56
